{
  "stats": {
    "suites": 4,
    "tests": 10,
    "passes": 10,
    "pending": 0,
    "failures": 0,
    "start": "2022-06-02T02:27:15.721Z",
    "end": "2022-06-02T02:27:20.964Z",
    "duration": 5243,
    "testsRegistered": 10,
    "passPercent": 100,
    "pendingPercent": 0,
    "other": 0,
    "hasOther": false,
    "skipped": 0,
    "hasSkipped": false
  },
  "results": [
    {
      "uuid": "acd37e65-5bca-42fd-95f3-97835d9981b3",
      "title": "",
      "fullFile": "",
      "file": "",
      "beforeHooks": [],
      "afterHooks": [],
      "tests": [],
      "suites": [
        {
          "uuid": "2cfe8874-4c58-41f1-8c92-e8916ec262ed",
          "title": "Get list of users",
          "fullFile": "C:\\Users\\admin\\Documents\\Aisyah\\learn\\template-mocha\\runner\\regression.js",
          "file": "\\runner\\regression.js",
          "beforeHooks": [],
          "afterHooks": [],
          "tests": [
            {
              "title": "Success get list of users",
              "fullTitle": "Get list of users Success get list of users",
              "timedOut": false,
              "duration": 571,
              "state": "passed",
              "speed": "slow",
              "pass": true,
              "fail": false,
              "pending": false,
              "context": null,
              "code": "let api = chai.request('https://reqres.in/api');\napi.get('/users')\n.query('page', 1)\n.end(function(err, res){\n    expect(res.statusCode).to.equal(200);\n    expect(res.body).to.be.jsonSchema(data);\n    global.id_user = res.body.data[0].id;\n    done();\n})",
              "err": {},
              "uuid": "1f737fd9-8d04-4c5d-889b-7d3754d380c4",
              "parentUUID": "2cfe8874-4c58-41f1-8c92-e8916ec262ed",
              "isHook": false,
              "skipped": false
            }
          ],
          "suites": [],
          "passes": [
            "1f737fd9-8d04-4c5d-889b-7d3754d380c4"
          ],
          "failures": [],
          "pending": [],
          "skipped": [],
          "duration": 571,
          "root": false,
          "rootEmpty": false,
          "_timeout": 10000
        },
        {
          "uuid": "5c3b37fc-b6e6-444b-a8d0-7699132e5f6b",
          "title": "Detail user",
          "fullFile": "C:\\Users\\admin\\Documents\\Aisyah\\learn\\template-mocha\\runner\\regression.js",
          "file": "\\runner\\regression.js",
          "beforeHooks": [],
          "afterHooks": [],
          "tests": [
            {
              "title": "Success get detail of user",
              "fullTitle": "Detail user Success get detail of user",
              "timedOut": false,
              "duration": 146,
              "state": "passed",
              "speed": "slow",
              "pass": true,
              "fail": false,
              "pending": false,
              "context": null,
              "code": "let api = chai.request('https://reqres.in/api');\napi.get(`/users/${global.id_user}`)\n.end(function(err, res){\n    expect(res.statusCode).to.equal(200);\n    expect(res.body.data.id).to.equal(global.id_user);\n    expect(res.body).to.be.jsonSchema(data.positive);\n    done();\n})",
              "err": {},
              "uuid": "3edc05db-2ff3-40d3-88ea-8c9dd3854088",
              "parentUUID": "5c3b37fc-b6e6-444b-a8d0-7699132e5f6b",
              "isHook": false,
              "skipped": false
            },
            {
              "title": "Get detail user with id not found",
              "fullTitle": "Detail user Get detail user with id not found",
              "timedOut": false,
              "duration": 710,
              "state": "passed",
              "speed": "slow",
              "pass": true,
              "fail": false,
              "pending": false,
              "context": null,
              "code": "let api = chai.request('https://reqres.in/api');\napi.get(`/users/0`)\n.end(function(err, res){\n    expect(res.statusCode).to.equal(404);\n    expect(res.body).to.be.jsonSchema(data.negative);\n    done();\n})",
              "err": {},
              "uuid": "8f03bb32-f8db-4e0c-a726-8595bacafcdc",
              "parentUUID": "5c3b37fc-b6e6-444b-a8d0-7699132e5f6b",
              "isHook": false,
              "skipped": false
            }
          ],
          "suites": [],
          "passes": [
            "3edc05db-2ff3-40d3-88ea-8c9dd3854088",
            "8f03bb32-f8db-4e0c-a726-8595bacafcdc"
          ],
          "failures": [],
          "pending": [],
          "skipped": [],
          "duration": 856,
          "root": false,
          "rootEmpty": false,
          "_timeout": 10000
        },
        {
          "uuid": "efacca3e-29c5-42a7-a1e8-dc2005a9dada",
          "title": "Create user",
          "fullFile": "C:\\Users\\admin\\Documents\\Aisyah\\learn\\template-mocha\\runner\\regression.js",
          "file": "\\runner\\regression.js",
          "beforeHooks": [],
          "afterHooks": [],
          "tests": [
            {
              "title": "Success create user with full body",
              "fullTitle": "Create user Success create user with full body",
              "timedOut": false,
              "duration": 511,
              "state": "passed",
              "speed": "slow",
              "pass": true,
              "fail": false,
              "pending": false,
              "context": null,
              "code": "const name = faker.name.findName();\nlet api = chai.request('https://reqres.in/api');\napi.post(`/users`)\n.set(\"Content-type\", \"application/json\")\n.send({\n    name : name,\n    job : faker.job\n})\n.end(function(err, res){\n    expect(res.statusCode).to.equal(201);\n    expect(res.body).to.be.jsonSchema(data.full);\n    expect(res.body.name).to.equal(name);\n    done();\n})",
              "err": {},
              "uuid": "adfaaa8a-d938-4f9d-b88e-f16656c61844",
              "parentUUID": "efacca3e-29c5-42a7-a1e8-dc2005a9dada",
              "isHook": false,
              "skipped": false
            },
            {
              "title": "Success create user with name only body",
              "fullTitle": "Create user Success create user with name only body",
              "timedOut": false,
              "duration": 732,
              "state": "passed",
              "speed": "slow",
              "pass": true,
              "fail": false,
              "pending": false,
              "context": null,
              "code": "const name = faker.name.findName();\nlet api = chai.request('https://reqres.in/api');\napi.post(`/users`)\n.set(\"Content-type\", \"application/json\")\n.send({\n    name : name\n})\n.end(function(err, res){\n    expect(res.statusCode).to.equal(201);\n    expect(res.body).to.be.jsonSchema(data.name_only);\n    expect(res.body.name).to.equal(name);\n    done();\n})",
              "err": {},
              "uuid": "32825ece-8976-445a-928a-ce019814d239",
              "parentUUID": "efacca3e-29c5-42a7-a1e8-dc2005a9dada",
              "isHook": false,
              "skipped": false
            },
            {
              "title": "Success create user with job only body",
              "fullTitle": "Create user Success create user with job only body",
              "timedOut": false,
              "duration": 509,
              "state": "passed",
              "speed": "slow",
              "pass": true,
              "fail": false,
              "pending": false,
              "context": null,
              "code": "let api = chai.request('https://reqres.in/api');\napi.post(`/users`)\n.set(\"Content-type\", \"application/json\")\n.send({\n    job : faker.name.jobTitle()\n})\n.end(function(err, res){\n    expect(res.statusCode).to.equal(201);\n    expect(res.body).to.be.jsonSchema(data.job_only);\n    done();\n})",
              "err": {},
              "uuid": "992c9f97-ed23-4822-abbf-d3b2a1965faf",
              "parentUUID": "efacca3e-29c5-42a7-a1e8-dc2005a9dada",
              "isHook": false,
              "skipped": false
            }
          ],
          "suites": [],
          "passes": [
            "adfaaa8a-d938-4f9d-b88e-f16656c61844",
            "32825ece-8976-445a-928a-ce019814d239",
            "992c9f97-ed23-4822-abbf-d3b2a1965faf"
          ],
          "failures": [],
          "pending": [],
          "skipped": [],
          "duration": 1752,
          "root": false,
          "rootEmpty": false,
          "_timeout": 10000
        },
        {
          "uuid": "667f3931-7a3f-48fd-ac43-27aa88d6699c",
          "title": "Auth feature",
          "fullFile": "C:\\Users\\admin\\Documents\\Aisyah\\learn\\template-mocha\\runner\\regression.js",
          "file": "\\runner\\regression.js",
          "beforeHooks": [],
          "afterHooks": [],
          "tests": [
            {
              "title": "Success register user",
              "fullTitle": "Auth feature Success register user",
              "timedOut": false,
              "duration": 483,
              "state": "passed",
              "speed": "slow",
              "pass": true,
              "fail": false,
              "pending": false,
              "context": null,
              "code": "let api = chai.request('https://reqres.in/api');\napi.post(`/register`)\n.set(\"Content-type\", \"application/json\")\n.send({\n    email : 'eve.holt@reqres.in',\n    password : 'pistol'\n})\n.end(function(err, res){\n    expect(res.statusCode).to.equal(200);\n    expect(res.body).to.be.jsonSchema(data.success);\n    done();\n})",
              "err": {},
              "uuid": "f7033494-e51d-4963-8297-666c5ee90c27",
              "parentUUID": "667f3931-7a3f-48fd-ac43-27aa88d6699c",
              "isHook": false,
              "skipped": false
            },
            {
              "title": "Failed register user undefined data",
              "fullTitle": "Auth feature Failed register user undefined data",
              "timedOut": false,
              "duration": 504,
              "state": "passed",
              "speed": "slow",
              "pass": true,
              "fail": false,
              "pending": false,
              "context": null,
              "code": "let api = chai.request('https://reqres.in/api');\napi.post(`/register`)\n.set(\"Content-type\", \"application/json\")\n.send({\n    email : faker.internet.email(),\n    password : 'Password123'\n})\n.end(function(err, res){\n    expect(res.statusCode).to.equal(400);\n    expect(res.body).to.be.jsonSchema(data.undefined_user);\n    done();\n})",
              "err": {},
              "uuid": "ae620a05-a7cb-47fc-ba00-6f2695697ccc",
              "parentUUID": "667f3931-7a3f-48fd-ac43-27aa88d6699c",
              "isHook": false,
              "skipped": false
            },
            {
              "title": "Failed register user null email",
              "fullTitle": "Auth feature Failed register user null email",
              "timedOut": false,
              "duration": 505,
              "state": "passed",
              "speed": "slow",
              "pass": true,
              "fail": false,
              "pending": false,
              "context": null,
              "code": "let api = chai.request('https://reqres.in/api');\napi.post(`/register`)\n.set(\"Content-type\", \"application/json\")\n.send({\n    password : 'Password123'\n})\n.end(function(err, res){\n    expect(res.statusCode).to.equal(400);\n    expect(res.body).to.be.jsonSchema(data.missing_email);\n    done();\n})",
              "err": {},
              "uuid": "866388c6-80cc-4f5f-903b-5ca900224ea7",
              "parentUUID": "667f3931-7a3f-48fd-ac43-27aa88d6699c",
              "isHook": false,
              "skipped": false
            },
            {
              "title": "Failed register user null password",
              "fullTitle": "Auth feature Failed register user null password",
              "timedOut": false,
              "duration": 514,
              "state": "passed",
              "speed": "slow",
              "pass": true,
              "fail": false,
              "pending": false,
              "context": null,
              "code": "let api = chai.request('https://reqres.in/api');\napi.post(`/register`)\n.set(\"Content-type\", \"application/json\")\n.send({\n    email : faker.internet.email()\n})\n.end(function(err, res){\n    expect(res.statusCode).to.equal(400);\n    expect(res.body).to.be.jsonSchema(data.missing_pass);\n    done();\n})",
              "err": {},
              "uuid": "49034b92-90fa-484f-b416-3d5a3f597296",
              "parentUUID": "667f3931-7a3f-48fd-ac43-27aa88d6699c",
              "isHook": false,
              "skipped": false
            }
          ],
          "suites": [],
          "passes": [
            "f7033494-e51d-4963-8297-666c5ee90c27",
            "ae620a05-a7cb-47fc-ba00-6f2695697ccc",
            "866388c6-80cc-4f5f-903b-5ca900224ea7",
            "49034b92-90fa-484f-b416-3d5a3f597296"
          ],
          "failures": [],
          "pending": [],
          "skipped": [],
          "duration": 2006,
          "root": false,
          "rootEmpty": false,
          "_timeout": 10000
        }
      ],
      "passes": [],
      "failures": [],
      "pending": [],
      "skipped": [],
      "duration": 0,
      "root": true,
      "rootEmpty": true,
      "_timeout": 10000
    }
  ],
  "meta": {
    "mocha": {
      "version": "10.0.0"
    },
    "mochawesome": {
      "options": {
        "quiet": false,
        "reportFilename": "mochawesome",
        "saveHtml": true,
        "saveJson": true,
        "consoleReporter": "spec",
        "useInlineDiffs": false,
        "code": true
      },
      "version": "7.1.3"
    },
    "marge": {
      "options": null,
      "version": "6.2.0"
    }
  }
}