{
  "stats": {
    "suites": 1,
    "tests": 4,
    "passes": 4,
    "pending": 0,
    "failures": 0,
    "start": "2022-10-27T02:48:28.118Z",
    "end": "2022-10-27T02:48:30.572Z",
    "duration": 2454,
    "testsRegistered": 4,
    "passPercent": 100,
    "pendingPercent": 0,
    "other": 0,
    "hasOther": false,
    "skipped": 0,
    "hasSkipped": false
  },
  "results": [
    {
      "uuid": "e81ebbe9-5293-406a-bcd1-b5a7aaeeffb3",
      "title": "",
      "fullFile": "C:\\Aisyah\\QA\\template-mocha-chai\\runner\\dev\\auth.js",
      "file": "\\runner\\dev\\auth.js",
      "beforeHooks": [],
      "afterHooks": [],
      "tests": [],
      "suites": [
        {
          "uuid": "5adacb83-dfb4-48c1-af6e-ba159eef279c",
          "title": "Auth feature",
          "fullFile": "C:\\Aisyah\\QA\\template-mocha-chai\\runner\\dev\\auth.js",
          "file": "\\runner\\dev\\auth.js",
          "beforeHooks": [],
          "afterHooks": [],
          "tests": [
            {
              "title": "Success register user",
              "fullTitle": "Auth feature Success register user",
              "timedOut": false,
              "duration": 624,
              "state": "passed",
              "speed": "slow",
              "pass": true,
              "fail": false,
              "pending": false,
              "context": null,
              "code": "let api = chai.request('https://reqres.in/api');\napi.post(`/register`)\n.set(\"Content-type\", \"application/json\")\n.send({\n    email : 'eve.holt@reqres.in',\n    password : 'pistol'\n})\n.end(function(err, res){\n    expect(res.statusCode).to.equal(200);\n    expect(res.body).to.be.jsonSchema(data.success);\n    done();\n})",
              "err": {},
              "uuid": "67ba049f-9db2-4c9d-9a0b-cfd17028b78e",
              "parentUUID": "5adacb83-dfb4-48c1-af6e-ba159eef279c",
              "isHook": false,
              "skipped": false
            },
            {
              "title": "Failed register user undefined data",
              "fullTitle": "Auth feature Failed register user undefined data",
              "timedOut": false,
              "duration": 495,
              "state": "passed",
              "speed": "slow",
              "pass": true,
              "fail": false,
              "pending": false,
              "context": null,
              "code": "let api = chai.request('https://reqres.in/api');\napi.post(`/register`)\n.set(\"Content-type\", \"application/json\")\n.send({\n    email : faker.internet.email(),\n    password : 'Password123'\n})\n.end(function(err, res){\n    expect(res.statusCode).to.equal(400);\n    expect(res.body).to.be.jsonSchema(data.undefined_user);\n    done();\n})",
              "err": {},
              "uuid": "62cbb297-91b9-479a-80c3-af0e7817ab49",
              "parentUUID": "5adacb83-dfb4-48c1-af6e-ba159eef279c",
              "isHook": false,
              "skipped": false
            },
            {
              "title": "Failed register user null email",
              "fullTitle": "Auth feature Failed register user null email",
              "timedOut": false,
              "duration": 818,
              "state": "passed",
              "speed": "slow",
              "pass": true,
              "fail": false,
              "pending": false,
              "context": null,
              "code": "let api = chai.request('https://reqres.in/api');\napi.post(`/register`)\n.set(\"Content-type\", \"application/json\")\n.send({\n    password : 'Password123'\n})\n.end(function(err, res){\n    expect(res.statusCode).to.equal(400);\n    expect(res.body).to.be.jsonSchema(data.missing_email);\n    done();\n})",
              "err": {},
              "uuid": "fcb0391c-7c18-439d-a534-0117678b1b48",
              "parentUUID": "5adacb83-dfb4-48c1-af6e-ba159eef279c",
              "isHook": false,
              "skipped": false
            },
            {
              "title": "Failed register user null password",
              "fullTitle": "Auth feature Failed register user null password",
              "timedOut": false,
              "duration": 501,
              "state": "passed",
              "speed": "slow",
              "pass": true,
              "fail": false,
              "pending": false,
              "context": null,
              "code": "let api = chai.request('https://reqres.in/api');\napi.post(`/register`)\n.set(\"Content-type\", \"application/json\")\n.send({\n    email : faker.internet.email()\n})\n.end(function(err, res){\n    expect(res.statusCode).to.equal(400);\n    expect(res.body).to.be.jsonSchema(data.missing_pass);\n    done();\n})",
              "err": {},
              "uuid": "cc493c46-ceba-45e9-bf58-b59f128408d7",
              "parentUUID": "5adacb83-dfb4-48c1-af6e-ba159eef279c",
              "isHook": false,
              "skipped": false
            }
          ],
          "suites": [],
          "passes": [
            "67ba049f-9db2-4c9d-9a0b-cfd17028b78e",
            "62cbb297-91b9-479a-80c3-af0e7817ab49",
            "fcb0391c-7c18-439d-a534-0117678b1b48",
            "cc493c46-ceba-45e9-bf58-b59f128408d7"
          ],
          "failures": [],
          "pending": [],
          "skipped": [],
          "duration": 2438,
          "root": false,
          "rootEmpty": false,
          "_timeout": 10000
        }
      ],
      "passes": [],
      "failures": [],
      "pending": [],
      "skipped": [],
      "duration": 0,
      "root": true,
      "rootEmpty": true,
      "_timeout": 10000
    }
  ],
  "meta": {
    "mocha": {
      "version": "10.0.0"
    },
    "mochawesome": {
      "options": {
        "quiet": false,
        "reportFilename": "mochawesome",
        "saveHtml": true,
        "saveJson": true,
        "consoleReporter": "spec",
        "useInlineDiffs": false,
        "code": true
      },
      "version": "7.1.3"
    },
    "marge": {
      "options": null,
      "version": "6.2.0"
    }
  }
}